Using pre-set license
Built from '2020.3/staging' branch; Version is '2020.3.25f1 (9b9180224418) revision 10195328'; Using compiler version '192528614'; Build Type 'Release'
OS: 'Windows 10  (10.0.19041) 64bit Professional' Language: 'en' Physical Memory: 8066 MB
BatchMode: 1, IsHumanControllingUs: 0, StartBugReporterOnCrash: 0, Is64bit: 1, IsPro: 0

COMMAND LINE ARGUMENTS:
C:\2020.3.25f1\Editor\Unity.exe
-adb2
-batchMode
-noUpm
-name
AssetImportWorker0
-projectPath
C:/Users/Admin/Desktop/MicrogameKarting/MicrogameKarting
-logFile
Logs/AssetImportWorker0.log
-srvPort
64253
Successfully changed project path to: C:/Users/Admin/Desktop/MicrogameKarting/MicrogameKarting
C:/Users/Admin/Desktop/MicrogameKarting/MicrogameKarting
Using Asset Import Pipeline V2.
Refreshing native plugins compatible for Editor in 120.62 ms, found 3 plugins.
Preloading 0 native plugins for Editor in 0.00 ms.
Initialize engine version: 2020.3.25f1 (9b9180224418)
[Subsystems] Discovering subsystems at path C:/2020.3.25f1/Editor/Data/Resources/UnitySubsystems
[Subsystems] Discovering subsystems at path C:/Users/Admin/Desktop/MicrogameKarting/MicrogameKarting/Assets
GfxDevice: creating device client; threaded=0
Direct3D:
    Version:  Direct3D 11.0 [level 11.1]
    Renderer: Intel(R) HD Graphics 5500 (ID=0x1616)
    Vendor:   
    VRAM:     4033 MB
    Driver:   20.19.15.4963
Initialize mono
Mono path[0] = 'C:/2020.3.25f1/Editor/Data/Managed'
Mono path[1] = 'C:/2020.3.25f1/Editor/Data/MonoBleedingEdge/lib/mono/unityjit'
Mono config path = 'C:/2020.3.25f1/Editor/Data/MonoBleedingEdge/etc'
Using monoOptions --debugger-agent=transport=dt_socket,embedding=1,server=y,suspend=n,address=127.0.0.1:56036
Begin MonoManager ReloadAssembly
Registering precompiled unity dll's ...
Register platform support module: C:/2020.3.25f1/Editor/Data/PlaybackEngines/WebGLSupport/UnityEditor.WebGL.Extensions.dll
Register platform support module: C:/2020.3.25f1/Editor/Data/PlaybackEngines/WindowsStandaloneSupport/UnityEditor.WindowsStandalone.Extensions.dll
Registered in 0.003287 seconds.
Native extension for WindowsStandalone target not found
Native extension for WebGL target not found
Refreshing native plugins compatible for Editor in 85.68 ms, found 3 plugins.
Preloading 0 native plugins for Editor in 0.00 ms.
Mono: successfully reloaded assembly
- Completed reload, in  0.883 seconds
Domain Reload Profiling:
	ReloadAssembly (883ms)
		BeginReloadAssembly (94ms)
			ExecutionOrderSort (0ms)
			DisableScriptedObjects (0ms)
			BackupInstance (0ms)
			ReleaseScriptingObjects (0ms)
			CreateAndSetChildDomain (2ms)
		EndReloadAssembly (683ms)
			LoadAssemblies (89ms)
			RebuildTransferFunctionScriptingTraits (0ms)
			SetupTypeCache (229ms)
			ReleaseScriptCaches (0ms)
			RebuildScriptCaches (42ms)
			SetupLoadedEditorAssemblies (269ms)
				LogAssemblyErrors (0ms)
				InitializePlatformSupportModulesInManaged (8ms)
				SetLoadedEditorAssemblies (0ms)
				RefreshPlugins (86ms)
				BeforeProcessingInitializeOnLoad (18ms)
				ProcessInitializeOnLoadAttributes (119ms)
				ProcessInitializeOnLoadMethodAttributes (37ms)
				AfterProcessingInitializeOnLoad (0ms)
				EditorAssembliesLoaded (0ms)
			ExecutionOrderSort2 (0ms)
			AwakeInstancesAfterBackupRestoration (0ms)
Platform modules already initialized, skipping
Registering precompiled user dll's ...
Registered in 0.011722 seconds.
Begin MonoManager ReloadAssembly
Native extension for WindowsStandalone target not found
Native extension for WebGL target not found
Refreshing native plugins compatible for Editor in 98.42 ms, found 3 plugins.
Preloading 0 native plugins for Editor in 0.00 ms.
Mono: successfully reloaded assembly
- Completed reload, in  5.736 seconds
Domain Reload Profiling:
	ReloadAssembly (5738ms)
		BeginReloadAssembly (652ms)
			ExecutionOrderSort (0ms)
			DisableScriptedObjects (26ms)
			BackupInstance (0ms)
			ReleaseScriptingObjects (0ms)
			CreateAndSetChildDomain (26ms)
		EndReloadAssembly (4949ms)
			LoadAssemblies (172ms)
			RebuildTransferFunctionScriptingTraits (0ms)
			SetupTypeCache (596ms)
			ReleaseScriptCaches (1ms)
			RebuildScriptCaches (97ms)
			SetupLoadedEditorAssemblies (3831ms)
				LogAssemblyErrors (0ms)
				InitializePlatformSupportModulesInManaged (7ms)
				SetLoadedEditorAssemblies (0ms)
				RefreshPlugins (99ms)
				BeforeProcessingInitializeOnLoad (145ms)
				ProcessInitializeOnLoadAttributes (3549ms)
				ProcessInitializeOnLoadMethodAttributes (22ms)
				AfterProcessingInitializeOnLoad (9ms)
				EditorAssembliesLoaded (0ms)
			ExecutionOrderSort2 (0ms)
			AwakeInstancesAfterBackupRestoration (31ms)
Platform modules already initialized, skipping
========================================================================
Worker process is ready to serve import requests
Launched and connected shader compiler UnityShaderCompiler.exe after 0.17 seconds
Refreshing native plugins compatible for Editor in 4.81 ms, found 3 plugins.
Preloading 0 native plugins for Editor in 0.00 ms.
Unloading 2881 Unused Serialized files (Serialized files now loaded: 0)
System memory in use before: 132.5 MB.
System memory in use after: 132.7 MB.

Unloading 35 unused Assets to reduce memory usage. Loaded Objects now: 3307.
Total: 8.189400 ms (FindLiveObjects: 0.279900 ms CreateObjectMapping: 0.159700 ms MarkObjects: 7.593700 ms  DeleteObjects: 0.154300 ms)

AssetImportParameters requested are different than current active one (requested -> active):
  custom:framework-win-MediaFoundation: 216162199b28c13a410421893ffa2e32 -> 
  custom:video-decoder-ogg-theora: a1e56fd34408186e4bbccfd4996cb3dc -> 
  custom:container-muxer-webm: aa71ff27fc2769a1b78a27578f13a17b -> 
  custom:container-demuxer-webm: 4f35f7cbe854078d1ac9338744f61a02 -> 
  custom:container-demuxer-ogg: 62fdf1f143b41e24485cea50d1cbac27 -> 
  custom:video-encoder-webm-vp8: eb34c28f22e8b96e1ab97ce403110664 -> 
  custom:video-decoder-webm-vp8: 9c59270c3fd7afecdb556c50c9e8de78 -> 
  custom:audio-decoder-ogg-vorbis: bf7c407c2cedff20999df2af8eb42d56 -> 
  custom:audio-encoder-webm-vorbis: bf7c407c2cedff20999df2af8eb42d56 -> 
========================================================================
Received Import Request.
  path: Assets/Scripts/Presenter.cs
  artifactKey: Guid(f3873186bf864d648bcc6c9f0cda9392) Importer(815301076,1909f56bfc062723c751e8b465ee728b)
Start importing Assets/Scripts/Presenter.cs using Guid(f3873186bf864d648bcc6c9f0cda9392) Importer(815301076,1909f56bfc062723c751e8b465ee728b)  -> (artifact id: 'f4744fe1c37fcddb6409c286ea19326c') in 0.098091 seconds 
  Import took 0.139552 seconds .

========================================================================
Received Prepare
Refreshing native plugins compatible for Editor in 20.77 ms, found 3 plugins.
Preloading 0 native plugins for Editor in 0.00 ms.
Unloading 27 Unused Serialized files (Serialized files now loaded: 0)
System memory in use before: 71.0 MB.
System memory in use after: 71.2 MB.

Unloading 27 unused Assets to reduce memory usage. Loaded Objects now: 3307.
Total: 5.484100 ms (FindLiveObjects: 0.262500 ms CreateObjectMapping: 0.157500 ms MarkObjects: 4.990400 ms  DeleteObjects: 0.072200 ms)

AssetImportParameters requested are different than current active one (requested -> active):
  custom:framework-win-MediaFoundation: 216162199b28c13a410421893ffa2e32 -> 
  custom:video-decoder-ogg-theora: a1e56fd34408186e4bbccfd4996cb3dc -> 
  custom:container-muxer-webm: aa71ff27fc2769a1b78a27578f13a17b -> 
  custom:container-demuxer-webm: 4f35f7cbe854078d1ac9338744f61a02 -> 
  custom:container-demuxer-ogg: 62fdf1f143b41e24485cea50d1cbac27 -> 
  custom:video-encoder-webm-vp8: eb34c28f22e8b96e1ab97ce403110664 -> 
  custom:video-decoder-webm-vp8: 9c59270c3fd7afecdb556c50c9e8de78 -> 
  custom:audio-decoder-ogg-vorbis: bf7c407c2cedff20999df2af8eb42d56 -> 
  custom:audio-encoder-webm-vorbis: bf7c407c2cedff20999df2af8eb42d56 -> 
========================================================================
Received Import Request.
  Time since last request: 413.072616 seconds.
  path: Assets/Scripts/EasyEventManager.cs
  artifactKey: Guid(b7e37b5a705b0a5469356bb27c3e101c) Importer(815301076,1909f56bfc062723c751e8b465ee728b)
Start importing Assets/Scripts/EasyEventManager.cs using Guid(b7e37b5a705b0a5469356bb27c3e101c) Importer(815301076,1909f56bfc062723c751e8b465ee728b)  -> (artifact id: '39680fe619a1ac8ba2c90503fb457198') in 0.015128 seconds 
  Import took 0.026756 seconds .

========================================================================
Received Import Request.
  Time since last request: 12.726940 seconds.
  path: Assets/Scripts/GameManager.cs
  artifactKey: Guid(cafd4380db825374da8c4c80bc99e054) Importer(815301076,1909f56bfc062723c751e8b465ee728b)
Start importing Assets/Scripts/GameManager.cs using Guid(cafd4380db825374da8c4c80bc99e054) Importer(815301076,1909f56bfc062723c751e8b465ee728b)  -> (artifact id: 'f008779d24031b90f2659dc2c728bf35') in 0.020001 seconds 
  Import took 0.031349 seconds .

========================================================================
Received Import Request.
  Time since last request: 25.707900 seconds.
  path: Assets/Scripts/Player_Select.cs
  artifactKey: Guid(50c8e4365946ac647b0f49ee0fe98615) Importer(815301076,1909f56bfc062723c751e8b465ee728b)
Start importing Assets/Scripts/Player_Select.cs using Guid(50c8e4365946ac647b0f49ee0fe98615) Importer(815301076,1909f56bfc062723c751e8b465ee728b)  -> (artifact id: 'ca8e3fa3b0690daf4b75674d3dd129ad') in 0.023346 seconds 
  Import took 0.033324 seconds .

========================================================================
Received Import Request.
  Time since last request: 25.698571 seconds.
  path: Assets/Karting
  artifactKey: Guid(5b37cab98afac4ca696e7a5c19dec454) Importer(815301076,1909f56bfc062723c751e8b465ee728b)
Start importing Assets/Karting using Guid(5b37cab98afac4ca696e7a5c19dec454) Importer(815301076,1909f56bfc062723c751e8b465ee728b)  -> (artifact id: 'c7c68ae32b9bcbd1a2db5e8c5e7f1307') in 0.024346 seconds 
  Import took 0.033649 seconds .

========================================================================
Received Import Request.
  Time since last request: 1.127952 seconds.
  path: Assets/Karting/Audio
  artifactKey: Guid(aa23596ae46e14f568b42db808e171fc) Importer(815301076,1909f56bfc062723c751e8b465ee728b)
Start importing Assets/Karting/Audio using Guid(aa23596ae46e14f568b42db808e171fc) Importer(815301076,1909f56bfc062723c751e8b465ee728b)  -> (artifact id: '71f6e9a14978c9e796c032445431428c') in 0.021996 seconds 
  Import took 0.030708 seconds .

========================================================================
Received Import Request.
  Time since last request: 9.476605 seconds.
  path: Assets/Resources
  artifactKey: Guid(471187096928d32498978ed6fae10a49) Importer(815301076,1909f56bfc062723c751e8b465ee728b)
Start importing Assets/Resources using Guid(471187096928d32498978ed6fae10a49) Importer(815301076,1909f56bfc062723c751e8b465ee728b)  -> (artifact id: 'c025b7cd9f0e0e0a57bc56c25190f246') in 0.019719 seconds 
  Import took 0.032011 seconds .

========================================================================
Received Import Request.
  Time since last request: 1.750791 seconds.
  path: Assets/Resources/Player_Display
  artifactKey: Guid(eea1aad9a2d025847a7c8d5cde925cad) Importer(815301076,1909f56bfc062723c751e8b465ee728b)
Start importing Assets/Resources/Player_Display using Guid(eea1aad9a2d025847a7c8d5cde925cad) Importer(815301076,1909f56bfc062723c751e8b465ee728b)  -> (artifact id: '6c9ceabd783b66ac9d48c090b87ca918') in 0.023008 seconds 
  Import took 0.032878 seconds .

========================================================================
Received Import Request.
  Time since last request: 4.780270 seconds.
  path: Assets/Resources/Player_Display/Player_Display 1.prefab
  artifactKey: Guid(6478d480b3a8f904c84bdc5ab7514694) Importer(815301076,1909f56bfc062723c751e8b465ee728b)
Start importing Assets/Resources/Player_Display/Player_Display 1.prefab using Guid(6478d480b3a8f904c84bdc5ab7514694) Importer(815301076,1909f56bfc062723c751e8b465ee728b)  -> (artifact id: '72ff17347340d00d8c1c3b7b26915508') in 0.208297 seconds 
  Import took 0.217576 seconds .

========================================================================
Received Import Request.
  Time since last request: 0.000331 seconds.
  path: Assets/Resources/Player_Display/Player_Display 6.prefab
  artifactKey: Guid(895fe74be054c004bb2a106ac4518873) Importer(815301076,1909f56bfc062723c751e8b465ee728b)
Start importing Assets/Resources/Player_Display/Player_Display 6.prefab using Guid(895fe74be054c004bb2a106ac4518873) Importer(815301076,1909f56bfc062723c751e8b465ee728b)  -> (artifact id: '7bb3121bc7908aa56f100ce17040701a') in 0.069236 seconds 
  Import took 0.078761 seconds .

========================================================================
Received Import Request.
  Time since last request: 0.000307 seconds.
  path: Assets/Resources/Player_Display/Player_Display 4.prefab
  artifactKey: Guid(3aebcab4c39f95740b7c8afa1c834d21) Importer(815301076,1909f56bfc062723c751e8b465ee728b)
Start importing Assets/Resources/Player_Display/Player_Display 4.prefab using Guid(3aebcab4c39f95740b7c8afa1c834d21) Importer(815301076,1909f56bfc062723c751e8b465ee728b)  -> (artifact id: '4e8713569803a3eff0dc90c19e3b1e8e') in 0.059038 seconds 
  Import took 0.067465 seconds .

========================================================================
Received Import Request.
  Time since last request: 0.000279 seconds.
  path: Assets/Resources/Player_Display/Player_Display 3.prefab
  artifactKey: Guid(9c89a7286b8ca6f46b91f8aebfe9b07c) Importer(815301076,1909f56bfc062723c751e8b465ee728b)
Start importing Assets/Resources/Player_Display/Player_Display 3.prefab using Guid(9c89a7286b8ca6f46b91f8aebfe9b07c) Importer(815301076,1909f56bfc062723c751e8b465ee728b)  -> (artifact id: 'dc81ca31b70ae9a5880a1cb5de139acf') in 0.062244 seconds 
  Import took 0.071853 seconds .

========================================================================
Received Import Request.
  Time since last request: 0.000255 seconds.
  path: Assets/Resources/Player_Display/Player_Display 2.prefab
  artifactKey: Guid(ddbb83987dac805449d9d9b6c83e3566) Importer(815301076,1909f56bfc062723c751e8b465ee728b)
Start importing Assets/Resources/Player_Display/Player_Display 2.prefab using Guid(ddbb83987dac805449d9d9b6c83e3566) Importer(815301076,1909f56bfc062723c751e8b465ee728b)  -> (artifact id: '929e9a674f8f6d70c43a99cc5781e0cc') in 0.059919 seconds 
  Import took 0.069222 seconds .

========================================================================
Received Import Request.
  Time since last request: 0.000243 seconds.
  path: Assets/Resources/Player_Display/Player_Display 5.prefab
  artifactKey: Guid(a0cf80b67337a0444ba4a7526f92ab7e) Importer(815301076,1909f56bfc062723c751e8b465ee728b)
Start importing Assets/Resources/Player_Display/Player_Display 5.prefab using Guid(a0cf80b67337a0444ba4a7526f92ab7e) Importer(815301076,1909f56bfc062723c751e8b465ee728b)  -> (artifact id: 'f4a256edd7e5cf533c086a64d484aa16') in 0.064569 seconds 
  Import took 0.073446 seconds .

========================================================================
Received Import Request.
  Time since last request: 31.425361 seconds.
  path: Assets/Resources/Player_Items
  artifactKey: Guid(f044ec690aa0f054a9750046015a3cc0) Importer(815301076,1909f56bfc062723c751e8b465ee728b)
Start importing Assets/Resources/Player_Items using Guid(f044ec690aa0f054a9750046015a3cc0) Importer(815301076,1909f56bfc062723c751e8b465ee728b)  -> (artifact id: 'a3a198914c247a298ae30bc13852653b') in 0.022672 seconds 
  Import took 0.030437 seconds .

========================================================================
Received Import Request.
  Time since last request: 0.616167 seconds.
  path: Assets/Resources/Player_Items/Player_item_1.prefab
  artifactKey: Guid(b93a6bc23f525684ba93868617638c75) Importer(815301076,1909f56bfc062723c751e8b465ee728b)
Start importing Assets/Resources/Player_Items/Player_item_1.prefab using Guid(b93a6bc23f525684ba93868617638c75) Importer(815301076,1909f56bfc062723c751e8b465ee728b)  -> (artifact id: 'bc22e55574cdb7c3af64237076bcd89c') in 0.065078 seconds 
  Import took 0.082560 seconds .

========================================================================
Received Import Request.
  Time since last request: 0.000309 seconds.
  path: Assets/Resources/Player_Items/Player_item_5.prefab
  artifactKey: Guid(f8b4107dcb24354449cde5dc43a221c4) Importer(815301076,1909f56bfc062723c751e8b465ee728b)
Start importing Assets/Resources/Player_Items/Player_item_5.prefab using Guid(f8b4107dcb24354449cde5dc43a221c4) Importer(815301076,1909f56bfc062723c751e8b465ee728b)  -> (artifact id: '7545cdd27ef5817026e2fc83c2319758') in 0.057023 seconds 
  Import took 0.068064 seconds .

========================================================================
Received Import Request.
  Time since last request: 0.000387 seconds.
  path: Assets/Resources/Player_Items/Player_item_4.prefab
  artifactKey: Guid(46fd181b8b46cb040a5aad6bbe1f88fb) Importer(815301076,1909f56bfc062723c751e8b465ee728b)
Start importing Assets/Resources/Player_Items/Player_item_4.prefab using Guid(46fd181b8b46cb040a5aad6bbe1f88fb) Importer(815301076,1909f56bfc062723c751e8b465ee728b)  -> (artifact id: '883acebe32433c169da7aa49cd78970a') in 0.062811 seconds 
  Import took 0.071865 seconds .

========================================================================
Received Import Request.
  Time since last request: 0.000271 seconds.
  path: Assets/Resources/Player_Items/Player_item_3.prefab
  artifactKey: Guid(85d37aefd7405204cb21688712b0e9e9) Importer(815301076,1909f56bfc062723c751e8b465ee728b)
Start importing Assets/Resources/Player_Items/Player_item_3.prefab using Guid(85d37aefd7405204cb21688712b0e9e9) Importer(815301076,1909f56bfc062723c751e8b465ee728b)  -> (artifact id: '67610d64c932384f0cb9a90c7f4b5693') in 0.060111 seconds 
  Import took 0.069293 seconds .

========================================================================
Received Import Request.
  Time since last request: 0.000276 seconds.
  path: Assets/Resources/Player_Items/Player_item_2.prefab
  artifactKey: Guid(aafe027cecf929143b61194057080b92) Importer(815301076,1909f56bfc062723c751e8b465ee728b)
Start importing Assets/Resources/Player_Items/Player_item_2.prefab using Guid(aafe027cecf929143b61194057080b92) Importer(815301076,1909f56bfc062723c751e8b465ee728b)  -> (artifact id: 'ec2fb0635c13bfaae27bce47cf264d54') in 0.064605 seconds 
  Import took 0.073867 seconds .

========================================================================
Received Import Request.
  Time since last request: 0.000297 seconds.
  path: Assets/Resources/Player_Items/Player_item_6.prefab
  artifactKey: Guid(7bc305a129f61524e9d08afb56193490) Importer(815301076,1909f56bfc062723c751e8b465ee728b)
Start importing Assets/Resources/Player_Items/Player_item_6.prefab using Guid(7bc305a129f61524e9d08afb56193490) Importer(815301076,1909f56bfc062723c751e8b465ee728b)  -> (artifact id: '5576a5201cd3555f59b944c13b0cfc03') in 0.083568 seconds 
  Import took 0.097818 seconds .

========================================================================
Received Import Request.
  Time since last request: 6.753155 seconds.
  path: Assets/Resources/Player_Select
  artifactKey: Guid(124172b81ea821441a82a1a0c5d10b0b) Importer(815301076,1909f56bfc062723c751e8b465ee728b)
Start importing Assets/Resources/Player_Select using Guid(124172b81ea821441a82a1a0c5d10b0b) Importer(815301076,1909f56bfc062723c751e8b465ee728b)  -> (artifact id: 'df73608cc002c3f80f34c1eaedd10de1') in 0.024082 seconds 
  Import took 0.034155 seconds .

========================================================================
Received Import Request.
  Time since last request: 0.029974 seconds.
  path: Assets/Resources/Player_Select/Player_1.prefab
  artifactKey: Guid(04fa95ac61e0d2a468043cd775f5623c) Importer(815301076,1909f56bfc062723c751e8b465ee728b)
Start importing Assets/Resources/Player_Select/Player_1.prefab using Guid(04fa95ac61e0d2a468043cd775f5623c) Importer(815301076,1909f56bfc062723c751e8b465ee728b)  -> (artifact id: 'c3d2f2d8ff698977bc4b165f7fe11801') in 0.064644 seconds 
  Import took 0.074022 seconds .

========================================================================
Received Import Request.
  Time since last request: 0.000276 seconds.
  path: Assets/Resources/Player_Select/Player_6.prefab
  artifactKey: Guid(61f05eb4c4d1cbc4f8f28a8742736e32) Importer(815301076,1909f56bfc062723c751e8b465ee728b)
Start importing Assets/Resources/Player_Select/Player_6.prefab using Guid(61f05eb4c4d1cbc4f8f28a8742736e32) Importer(815301076,1909f56bfc062723c751e8b465ee728b)  -> (artifact id: '09080fee290b20950790fe92e480889e') in 0.059764 seconds 
  Import took 0.068496 seconds .

========================================================================
Received Import Request.
  Time since last request: 0.000273 seconds.
  path: Assets/Resources/Player_Select/Player_3.prefab
  artifactKey: Guid(a457e52a2f5252146a41f91f8c76a5da) Importer(815301076,1909f56bfc062723c751e8b465ee728b)
Start importing Assets/Resources/Player_Select/Player_3.prefab using Guid(a457e52a2f5252146a41f91f8c76a5da) Importer(815301076,1909f56bfc062723c751e8b465ee728b)  -> (artifact id: 'b37e2c64e8b1c698bb646c49662c5da3') in 0.061418 seconds 
  Import took 0.069972 seconds .

========================================================================
Received Import Request.
  Time since last request: 0.000277 seconds.
  path: Assets/Resources/Player_Select/Player_4.prefab
  artifactKey: Guid(13c53090c1a63a942b1a0ee7cfe27f96) Importer(815301076,1909f56bfc062723c751e8b465ee728b)
Start importing Assets/Resources/Player_Select/Player_4.prefab using Guid(13c53090c1a63a942b1a0ee7cfe27f96) Importer(815301076,1909f56bfc062723c751e8b465ee728b)  -> (artifact id: 'af7be2ebda98d04c17f21fd102a4b5c8') in 0.060768 seconds 
  Import took 0.069711 seconds .

========================================================================
Received Import Request.
  Time since last request: 0.000275 seconds.
  path: Assets/Resources/Player_Select/Player_5.prefab
  artifactKey: Guid(c457627cb832c904683f626d31a176a7) Importer(815301076,1909f56bfc062723c751e8b465ee728b)
Start importing Assets/Resources/Player_Select/Player_5.prefab using Guid(c457627cb832c904683f626d31a176a7) Importer(815301076,1909f56bfc062723c751e8b465ee728b)  -> (artifact id: '9526d724668e29a762bcb16d4bf76795') in 0.059144 seconds 
  Import took 0.068495 seconds .

========================================================================
Received Import Request.
  Time since last request: 0.000330 seconds.
  path: Assets/Resources/Player_Select/Player_2.prefab
  artifactKey: Guid(4edfa8f463b03104a94b67cc22fae919) Importer(815301076,1909f56bfc062723c751e8b465ee728b)
Start importing Assets/Resources/Player_Select/Player_2.prefab using Guid(4edfa8f463b03104a94b67cc22fae919) Importer(815301076,1909f56bfc062723c751e8b465ee728b)  -> (artifact id: 'a82915a79ffe2a81dbbf830550b769d4') in 0.059050 seconds 
  Import took 0.068575 seconds .

========================================================================
Received Import Request.
  Time since last request: 18.300301 seconds.
  path: Assets/Scenes
  artifactKey: Guid(9ef65c71697f80040b40a2f5304d7ce0) Importer(815301076,1909f56bfc062723c751e8b465ee728b)
Start importing Assets/Scenes using Guid(9ef65c71697f80040b40a2f5304d7ce0) Importer(815301076,1909f56bfc062723c751e8b465ee728b)  -> (artifact id: '6b704aea38c0b6e4b0f22e39a36f4fbb') in 0.021675 seconds 
  Import took 0.031252 seconds .

========================================================================
Received Import Request.
  Time since last request: 2.638673 seconds.
  path: Assets/Scenes/Level 1.unity
  artifactKey: Guid(2041018445c65484d87e471f94027548) Importer(815301076,1909f56bfc062723c751e8b465ee728b)
Start importing Assets/Scenes/Level 1.unity using Guid(2041018445c65484d87e471f94027548) Importer(815301076,1909f56bfc062723c751e8b465ee728b)  -> (artifact id: '355ade9e3179571c15e8de81101fb56a') in 0.022099 seconds 
  Import took 0.029817 seconds .

========================================================================
Received Prepare
Registering precompiled user dll's ...
Registered in 0.013533 seconds.
Begin MonoManager ReloadAssembly
Native extension for WindowsStandalone target not found
Native extension for WebGL target not found
Refreshing native plugins compatible for Editor in 0.97 ms, found 3 plugins.
Preloading 0 native plugins for Editor in 0.00 ms.
Mono: successfully reloaded assembly
- Completed reload, in  2.234 seconds
Domain Reload Profiling:
	ReloadAssembly (2234ms)
		BeginReloadAssembly (304ms)
			ExecutionOrderSort (0ms)
			DisableScriptedObjects (11ms)
			BackupInstance (0ms)
			ReleaseScriptingObjects (0ms)
			CreateAndSetChildDomain (128ms)
		EndReloadAssembly (1801ms)
			LoadAssemblies (237ms)
			RebuildTransferFunctionScriptingTraits (0ms)
			SetupTypeCache (669ms)
			ReleaseScriptCaches (1ms)
			RebuildScriptCaches (70ms)
			SetupLoadedEditorAssemblies (664ms)
				LogAssemblyErrors (0ms)
				InitializePlatformSupportModulesInManaged (10ms)
				SetLoadedEditorAssemblies (1ms)
				RefreshPlugins (1ms)
				BeforeProcessingInitializeOnLoad (139ms)
				ProcessInitializeOnLoadAttributes (491ms)
				ProcessInitializeOnLoadMethodAttributes (12ms)
				AfterProcessingInitializeOnLoad (10ms)
				EditorAssembliesLoaded (0ms)
			ExecutionOrderSort2 (0ms)
			AwakeInstancesAfterBackupRestoration (10ms)
Platform modules already initialized, skipping
Refreshing native plugins compatible for Editor in 3.79 ms, found 3 plugins.
Preloading 0 native plugins for Editor in 0.00 ms.
Unloading 2813 Unused Serialized files (Serialized files now loaded: 0)
System memory in use before: 130.4 MB.
System memory in use after: 130.6 MB.

Unloading 30 unused Assets to reduce memory usage. Loaded Objects now: 3317.
Total: 4.477200 ms (FindLiveObjects: 0.250300 ms CreateObjectMapping: 0.131400 ms MarkObjects: 4.010100 ms  DeleteObjects: 0.084100 ms)

AssetImportParameters requested are different than current active one (requested -> active):
  custom:framework-win-MediaFoundation: 216162199b28c13a410421893ffa2e32 -> 
  custom:video-decoder-ogg-theora: a1e56fd34408186e4bbccfd4996cb3dc -> 
  custom:container-muxer-webm: aa71ff27fc2769a1b78a27578f13a17b -> 
  custom:container-demuxer-webm: 4f35f7cbe854078d1ac9338744f61a02 -> 
  custom:container-demuxer-ogg: 62fdf1f143b41e24485cea50d1cbac27 -> 
  custom:video-encoder-webm-vp8: eb34c28f22e8b96e1ab97ce403110664 -> 
  custom:video-decoder-webm-vp8: 9c59270c3fd7afecdb556c50c9e8de78 -> 
  custom:audio-decoder-ogg-vorbis: bf7c407c2cedff20999df2af8eb42d56 -> 
  custom:audio-encoder-webm-vorbis: bf7c407c2cedff20999df2af8eb42d56 -> 
AssetImportWorkerClient::OnTransportError - code=2 error=End of file
